2024-04-23 11:50:41.857 INFO     [main]:com.springers.CONTROLLERS.PosterController - Adding new poster...
2024-04-23 11:50:41.861 INFO     [main]:com.springers.CONTROLLERS.PosterController - Retrieving stage by ID: 1
2024-04-23 11:50:41.872 INFO     [main]:com.springers.CONTROLLERS.PosterController - Retrieving session poster by ID: 2
2024-04-23 11:50:41.873 INFO     [main]:com.springers.CONTROLLERS.PosterController - Creating new poster...
2024-04-23 11:50:41.874 INFO     [main]:com.springers.CONTROLLERS.PosterController - Adding poster to database...
2024-04-23 11:50:41.877 INFO     [main]:com.springers.CONTROLLERS.PosterController - Poster added successfully
2024-04-23 11:50:41.949 INFO     [main]:com.springers.CONTROLLERS.PosterController - Adding new poster...
2024-04-23 11:50:41.951 ERROR    [main]:com.springers.CONTROLLERS.PosterController - Invalid poster data
2024-04-23 12:10:40.538 INFO     [main]:com.springers.CONTROLLERS.PosterController - Adding new poster...
2024-04-23 12:10:40.543 INFO     [main]:com.springers.CONTROLLERS.PosterController - Retrieving stage by ID: 1
2024-04-23 12:10:40.553 INFO     [main]:com.springers.CONTROLLERS.PosterController - Retrieving session poster by ID: 2
2024-04-23 12:10:40.554 INFO     [main]:com.springers.CONTROLLERS.PosterController - Creating new poster...
2024-04-23 12:10:40.554 INFO     [main]:com.springers.CONTROLLERS.PosterController - Adding poster to database...
2024-04-23 12:10:40.560 INFO     [main]:com.springers.CONTROLLERS.PosterController - Poster added successfully
2024-04-23 12:10:40.639 INFO     [main]:com.springers.CONTROLLERS.PosterController - Adding new poster...
2024-04-23 12:10:40.644 ERROR    [main]:com.springers.CONTROLLERS.PosterController - Invalid poster data
2024-04-24 01:12:29.260 INFO     [main]:com.springers.CONTROLLERS.PosterController - Adding new poster...
2024-04-24 01:12:29.273 INFO     [main]:com.springers.CONTROLLERS.PosterController - Retrieving stage by ID: 1
2024-04-24 01:12:29.289 INFO     [main]:com.springers.CONTROLLERS.PosterController - Retrieving session poster by ID: 2
2024-04-24 01:12:29.290 INFO     [main]:com.springers.CONTROLLERS.PosterController - Creating new poster...
2024-04-24 01:12:29.291 INFO     [main]:com.springers.CONTROLLERS.PosterController - Adding poster to database...
2024-04-24 01:12:29.300 INFO     [main]:com.springers.CONTROLLERS.PosterController - Poster added successfully
2024-04-24 01:12:29.451 INFO     [main]:com.springers.CONTROLLERS.PosterController - Adding new poster...
2024-04-24 01:12:29.454 ERROR    [main]:com.springers.CONTROLLERS.PosterController - Invalid poster data
2024-04-24 01:12:30.368 DEBUG    [main]:com.springers.SERVICES.ServicePoster - Getting poster list
2024-04-24 01:12:30.381 DEBUG    [main]:com.springers.SERVICES.ServicePoster - Updating poster com.springers.ENTITIES.Poster@1a194865
2024-04-24 01:12:30.390 DEBUG    [main]:com.springers.SERVICES.ServicePoster - Deleting poster 1
2024-04-24 01:12:30.396 DEBUG    [main]:com.springers.SERVICES.ServicePoster - Adding poster com.springers.ENTITIES.Poster@1a194865
2024-04-24 01:12:30.404 DEBUG    [main]:com.springers.SERVICES.ServicePoster - Finding poster by session id 1
2024-04-24 01:37:10.970 INFO     [main]:com.springers.CONTROLLERS.PosterController - Adding new poster...
2024-04-24 01:37:10.976 INFO     [main]:com.springers.CONTROLLERS.PosterController - Retrieving stage by ID: 1
2024-04-24 01:37:10.985 INFO     [main]:com.springers.CONTROLLERS.PosterController - Retrieving session poster by ID: 2
2024-04-24 01:37:10.986 INFO     [main]:com.springers.CONTROLLERS.PosterController - Creating new poster...
2024-04-24 01:37:10.987 INFO     [main]:com.springers.CONTROLLERS.PosterController - Adding poster to database...
2024-04-24 01:37:10.989 INFO     [main]:com.springers.CONTROLLERS.PosterController - Poster added successfully
2024-04-24 01:37:11.105 INFO     [main]:com.springers.CONTROLLERS.PosterController - Adding new poster...
2024-04-24 01:37:11.107 ERROR    [main]:com.springers.CONTROLLERS.PosterController - Invalid poster data
2024-04-24 01:37:11.735 DEBUG    [main]:com.springers.SERVICES.ServicePoster - Getting poster list
2024-04-24 01:37:11.763 DEBUG    [main]:com.springers.SERVICES.ServicePoster - Updating poster com.springers.ENTITIES.Poster@1a194865
2024-04-24 01:37:11.778 DEBUG    [main]:com.springers.SERVICES.ServicePoster - Deleting poster 1
2024-04-24 01:37:11.786 DEBUG    [main]:com.springers.SERVICES.ServicePoster - Adding poster com.springers.ENTITIES.Poster@1a194865
2024-04-24 01:37:11.809 DEBUG    [main]:com.springers.SERVICES.ServicePoster - Finding poster by session id 1
2024-04-24 01:38:27.744 INFO     [main]:com.springers.CONTROLLERS.PosterController - Adding new poster...
2024-04-24 01:38:27.776 INFO     [main]:com.springers.CONTROLLERS.PosterController - Retrieving stage by ID: 1
2024-04-24 01:38:27.787 INFO     [main]:com.springers.CONTROLLERS.PosterController - Retrieving session poster by ID: 2
2024-04-24 01:38:27.789 INFO     [main]:com.springers.CONTROLLERS.PosterController - Creating new poster...
2024-04-24 01:38:27.789 INFO     [main]:com.springers.CONTROLLERS.PosterController - Adding poster to database...
2024-04-24 01:38:27.792 INFO     [main]:com.springers.CONTROLLERS.PosterController - Poster added successfully
2024-04-24 01:38:27.926 INFO     [main]:com.springers.CONTROLLERS.PosterController - Adding new poster...
2024-04-24 01:38:27.927 ERROR    [main]:com.springers.CONTROLLERS.PosterController - Invalid poster data
2024-04-24 01:38:28.679 DEBUG    [main]:com.springers.SERVICES.ServicePoster - Getting poster list
2024-04-24 01:38:28.686 DEBUG    [main]:com.springers.SERVICES.ServicePoster - Updating poster com.springers.ENTITIES.Poster@1a194865
2024-04-24 01:38:28.690 DEBUG    [main]:com.springers.SERVICES.ServicePoster - Deleting poster 1
2024-04-24 01:38:28.695 DEBUG    [main]:com.springers.SERVICES.ServicePoster - Adding poster com.springers.ENTITIES.Poster@1a194865
2024-04-24 01:38:28.700 DEBUG    [main]:com.springers.SERVICES.ServicePoster - Finding poster by session id 1
2024-04-24 01:39:10.948 INFO     [main]:com.springers.CONTROLLERS.PosterController - Adding new poster...
2024-04-24 01:39:10.952 INFO     [main]:com.springers.CONTROLLERS.PosterController - Retrieving stage by ID: 1
2024-04-24 01:39:10.961 INFO     [main]:com.springers.CONTROLLERS.PosterController - Retrieving session poster by ID: 2
2024-04-24 01:39:10.962 INFO     [main]:com.springers.CONTROLLERS.PosterController - Creating new poster...
2024-04-24 01:39:10.963 INFO     [main]:com.springers.CONTROLLERS.PosterController - Adding poster to database...
2024-04-24 01:39:10.993 INFO     [main]:com.springers.CONTROLLERS.PosterController - Poster added successfully
2024-04-24 01:39:11.231 INFO     [main]:com.springers.CONTROLLERS.PosterController - Adding new poster...
2024-04-24 01:39:11.232 ERROR    [main]:com.springers.CONTROLLERS.PosterController - Invalid poster data
2024-04-24 01:39:11.881 DEBUG    [main]:com.springers.SERVICES.ServicePoster - Getting poster list
2024-04-24 01:39:11.891 DEBUG    [main]:com.springers.SERVICES.ServicePoster - Updating poster com.springers.ENTITIES.Poster@1a194865
2024-04-24 01:39:11.896 DEBUG    [main]:com.springers.SERVICES.ServicePoster - Deleting poster 1
2024-04-24 01:39:11.900 DEBUG    [main]:com.springers.SERVICES.ServicePoster - Adding poster com.springers.ENTITIES.Poster@1a194865
2024-04-24 01:39:11.905 DEBUG    [main]:com.springers.SERVICES.ServicePoster - Finding poster by session id 1
2024-04-24 01:39:33.420 INFO     [main]:com.springers.CONTROLLERS.PosterController - Adding new poster...
2024-04-24 01:39:33.424 INFO     [main]:com.springers.CONTROLLERS.PosterController - Retrieving stage by ID: 1
2024-04-24 01:39:33.438 INFO     [main]:com.springers.CONTROLLERS.PosterController - Retrieving session poster by ID: 2
2024-04-24 01:39:33.441 INFO     [main]:com.springers.CONTROLLERS.PosterController - Creating new poster...
2024-04-24 01:39:33.441 INFO     [main]:com.springers.CONTROLLERS.PosterController - Adding poster to database...
2024-04-24 01:39:33.447 INFO     [main]:com.springers.CONTROLLERS.PosterController - Poster added successfully
2024-04-24 01:39:33.580 INFO     [main]:com.springers.CONTROLLERS.PosterController - Adding new poster...
2024-04-24 01:39:33.582 ERROR    [main]:com.springers.CONTROLLERS.PosterController - Invalid poster data
2024-04-24 01:39:34.169 DEBUG    [main]:com.springers.SERVICES.ServicePoster - Getting poster list
2024-04-24 01:39:34.180 DEBUG    [main]:com.springers.SERVICES.ServicePoster - Updating poster com.springers.ENTITIES.Poster@1a194865
2024-04-24 01:39:34.189 DEBUG    [main]:com.springers.SERVICES.ServicePoster - Deleting poster 1
2024-04-24 01:39:34.197 DEBUG    [main]:com.springers.SERVICES.ServicePoster - Adding poster com.springers.ENTITIES.Poster@1a194865
2024-04-24 01:39:34.225 DEBUG    [main]:com.springers.SERVICES.ServicePoster - Finding poster by session id 1
2024-04-24 04:31:03.701 INFO     [main]:com.springers.CONTROLLERS.PosterController - Adding new poster...
2024-04-24 04:31:03.705 INFO     [main]:com.springers.CONTROLLERS.PosterController - Retrieving stage by ID: 1
2024-04-24 04:31:03.716 INFO     [main]:com.springers.CONTROLLERS.PosterController - Retrieving session poster by ID: 2
2024-04-24 04:31:03.717 INFO     [main]:com.springers.CONTROLLERS.PosterController - Creating new poster...
2024-04-24 04:31:03.718 INFO     [main]:com.springers.CONTROLLERS.PosterController - Adding poster to database...
2024-04-24 04:31:03.721 INFO     [main]:com.springers.CONTROLLERS.PosterController - Poster added successfully
2024-04-24 04:31:03.846 INFO     [main]:com.springers.CONTROLLERS.PosterController - Adding new poster...
2024-04-24 04:31:03.847 ERROR    [main]:com.springers.CONTROLLERS.PosterController - Invalid poster data
2024-04-24 04:31:04.561 DEBUG    [main]:com.springers.SERVICES.ServicePoster - Getting poster list
2024-04-24 04:31:04.610 DEBUG    [main]:com.springers.SERVICES.ServicePoster - Updating poster com.springers.ENTITIES.Poster@1a194865
2024-04-24 04:31:04.636 DEBUG    [main]:com.springers.SERVICES.ServicePoster - Deleting poster 1
2024-04-24 04:31:04.661 DEBUG    [main]:com.springers.SERVICES.ServicePoster - Adding poster com.springers.ENTITIES.Poster@1a194865
2024-04-24 04:31:04.668 DEBUG    [main]:com.springers.SERVICES.ServicePoster - Finding poster by session id 1
